<?xml version="1.0" encoding="UTF-8"?>
<!-- Generated by org.testng.reporters.JUnitXMLReporter -->
<testsuite hostname="Users-MacBook.local" name="Default test" tests="45" failures="0" timestamp="5 Feb 2017 05:50:32 GMT" time="3.265" errors="0">
  <testcase name="mathErrorTest" time="0.143" classname="test.TestBrain"/>
  <testcase name="mathErrorTest" time="0.099" classname="test.TestBrain"/>
  <testcase name="mathErrorTest" time="0.03" classname="test.TestBrain"/>
  <testcase name="mathErrorTest" time="0.009" classname="test.TestBrain"/>
  <testcase name="solveAllTest" time="0.001" classname="test.TestBrain"/>
  <testcase name="solveAllTest" time="0.001" classname="test.TestBrain"/>
  <testcase name="solveAllTest" time="0.001" classname="test.TestBrain"/>
  <testcase name="solveAllTest" time="0.001" classname="test.TestBrain"/>
  <testcase name="solveStepTest" time="0.001" classname="test.TestBrain"/>
  <testcase name="solveStepTest" time="0.001" classname="test.TestBrain"/>
  <testcase name="solveStepTest" time="0.001" classname="test.TestBrain"/>
  <testcase name="solveStepTest" time="0.0" classname="test.TestBrain"/>
  <testcase name="solveStepTest" time="0.001" classname="test.TestBrain"/>
  <testcase name="solveStepTest" time="0.001" classname="test.TestBrain"/>
  <testcase name="solveStepTest" time="0.001" classname="test.TestBrain"/>
  <testcase name="solveStepTest" time="0.001" classname="test.TestBrain"/>
  <testcase name="solveStepTest" time="0.001" classname="test.TestBrain"/>
  <testcase name="solveStepTest" time="0.0" classname="test.TestBrain"/>
  <testcase name="solveStepTest" time="0.0" classname="test.TestBrain"/>
  <testcase name="solveStepTest" time="0.001" classname="test.TestBrain"/>
  <testcase name="solveStepTest" time="0.002" classname="test.TestBrain"/>
  <testcase name="stepInTest" time="0.001" classname="test.TestBrain"/>
  <testcase name="stepInTest" time="0.001" classname="test.TestBrain"/>
  <testcase name="stepInTest" time="0.001" classname="test.TestBrain"/>
  <testcase name="stepInTest" time="0.001" classname="test.TestBrain"/>
  <testcase name="stepInTest" time="0.001" classname="test.TestBrain"/>
  <testcase name="stepInTest" time="0.001" classname="test.TestBrain"/>
  <testcase name="stepInTest" time="0.001" classname="test.TestBrain"/>
  <testcase name="stepInTest" time="0.001" classname="test.TestBrain"/>
  <testcase name="stepInTest" time="0.001" classname="test.TestBrain"/>
  <testcase name="stepInTest" time="0.001" classname="test.TestBrain"/>
  <testcase name="stringValidTest" time="0.001" classname="test.TestBrain"/>
  <testcase name="stringValidTest" time="0.0" classname="test.TestBrain"/>
  <testcase name="stringValidTest" time="0.001" classname="test.TestBrain"/>
  <testcase name="stringValidTest" time="0.0" classname="test.TestBrain"/>
  <testcase name="stringValidTest" time="0.0" classname="test.TestBrain"/>
  <testcase name="stringValidTest" time="0.0" classname="test.TestBrain"/>
  <testcase name="stringValidTest" time="0.0" classname="test.TestBrain"/>
  <testcase name="stringValidTest" time="0.0" classname="test.TestBrain"/>
  <testcase name="stringValidTest" time="0.0" classname="test.TestBrain"/>
  <testcase name="stringValidTest" time="0.0" classname="test.TestBrain"/>
  <testcase name="stringValidTest" time="0.0" classname="test.TestBrain"/>
  <testcase name="stringValidTest" time="0.0" classname="test.TestBrain"/>
  <testcase name="stringValidTest" time="0.001" classname="test.TestBrain"/>
  <testcase name="stringValidTest" time="0.005" classname="test.TestBrain"/>
</testsuite> <!-- Default test -->
